<?xml version="1.0" encoding="UTF-8"?>
<coverage generated="1773559517371" clover="3.2.0">
  <project timestamp="1773559517371" name="All files">
    <metrics statements="107" coveredstatements="97" conditionals="61" coveredconditionals="43" methods="43" coveredmethods="39" elements="211" coveredelements="179" complexity="0" loc="107" ncloc="107" packages="3" files="11" classes="11"/>
    <package name="components">
      <metrics statements="91" coveredstatements="83" conditionals="55" coveredconditionals="40" methods="37" coveredmethods="33"/>
      <file name="Body.js" path="/Users/hemantpatil/Documents/GitHub/react-project/src/components/Body.js">
        <metrics statements="24" coveredstatements="22" conditionals="14" coveredconditionals="9" methods="10" coveredmethods="9"/>
        <line num="10" count="1" type="stmt"/>
        <line num="12" count="4" type="stmt"/>
        <line num="13" count="4" type="stmt"/>
        <line num="15" count="4" type="stmt"/>
        <line num="17" count="4" type="stmt"/>
        <line num="18" count="4" type="stmt"/>
        <line num="20" count="4" type="stmt"/>
        <line num="21" count="4" type="stmt"/>
        <line num="35" count="4" type="stmt"/>
        <line num="36" count="4" type="stmt"/>
        <line num="38" count="4" type="cond" truecount="2" falsecount="0"/>
        <line num="39" count="1" type="stmt"/>
        <line num="40" count="9" type="stmt"/>
        <line num="46" count="4" type="cond" truecount="2" falsecount="0"/>
        <line num="47" count="9" type="stmt"/>
        <line num="50" count="4" type="stmt"/>
        <line num="53" count="4" type="stmt"/>
        <line num="54" count="0" type="stmt"/>
        <line num="61" count="4" type="cond" truecount="1" falsecount="1"/>
        <line num="62" count="0" type="stmt"/>
        <line num="69" count="4" type="stmt"/>
        <line num="86" count="1" type="stmt"/>
        <line num="93" count="1" type="stmt"/>
        <line num="104" count="26" type="stmt"/>
      </file>
      <file name="Cart.js" path="/Users/hemantpatil/Documents/GitHub/react-project/src/components/Cart.js">
        <metrics statements="8" coveredstatements="6" conditionals="5" coveredconditionals="5" methods="6" coveredmethods="4"/>
        <line num="5" count="1" type="stmt"/>
        <line num="6" count="8" type="stmt"/>
        <line num="7" count="4" type="stmt"/>
        <line num="9" count="4" type="stmt"/>
        <line num="17" count="4" type="stmt"/>
        <line num="40" count="0" type="stmt"/>
        <line num="50" count="0" type="stmt"/>
        <line num="66" count="1" type="stmt"/>
      </file>
      <file name="ContactUs.js" path="/Users/hemantpatil/Documents/GitHub/react-project/src/components/ContactUs.js">
        <metrics statements="2" coveredstatements="2" conditionals="0" coveredconditionals="0" methods="1" coveredmethods="1"/>
        <line num="1" count="1" type="stmt"/>
        <line num="2" count="3" type="stmt"/>
      </file>
      <file name="Header.js" path="/Users/hemantpatil/Documents/GitHub/react-project/src/components/Header.js">
        <metrics statements="12" coveredstatements="11" conditionals="6" coveredconditionals="4" methods="5" coveredmethods="5"/>
        <line num="6" count="2" type="stmt"/>
        <line num="7" count="17" type="stmt"/>
        <line num="8" count="17" type="stmt"/>
        <line num="9" count="17" type="stmt"/>
        <line num="12" count="27" type="stmt"/>
        <line num="14" count="17" type="stmt"/>
        <line num="15" count="6" type="cond" truecount="2" falsecount="2"/>
        <line num="16" count="0" type="stmt"/>
        <line num="22" count="17" type="stmt"/>
        <line num="23" count="10" type="stmt"/>
        <line num="25" count="10" type="stmt"/>
        <line num="28" count="17" type="stmt"/>
      </file>
      <file name="MenuAccordion.js" path="/Users/hemantpatil/Documents/GitHub/react-project/src/components/MenuAccordion.js">
        <metrics statements="18" coveredstatements="17" conditionals="16" coveredconditionals="14" methods="9" coveredmethods="8"/>
        <line num="6" count="1" type="stmt"/>
        <line num="7" count="60" type="stmt"/>
        <line num="8" count="60" type="stmt"/>
        <line num="10" count="60" type="stmt"/>
        <line num="11" count="87" type="stmt"/>
        <line num="13" count="60" type="stmt"/>
        <line num="14" count="24" type="cond" truecount="3" falsecount="1"/>
        <line num="15" count="24" type="stmt"/>
        <line num="19" count="60" type="stmt"/>
        <line num="25" count="3" type="stmt"/>
        <line num="35" count="27" type="stmt"/>
        <line num="36" count="27" type="cond" truecount="1" falsecount="1"/>
        <line num="38" count="27" type="stmt"/>
        <line num="39" count="27" type="cond" truecount="2" falsecount="0"/>
        <line num="41" count="27" type="stmt"/>
        <line num="66" count="1" type="stmt"/>
        <line num="78" count="0" type="stmt"/>
        <line num="89" count="2" type="stmt"/>
      </file>
      <file name="RestaurantCard.js" path="/Users/hemantpatil/Documents/GitHub/react-project/src/components/RestaurantCard.js">
        <metrics statements="3" coveredstatements="3" conditionals="0" coveredconditionals="0" methods="1" coveredmethods="1"/>
        <line num="2" count="2" type="stmt"/>
        <line num="10" count="27" type="stmt"/>
        <line num="11" count="27" type="stmt"/>
      </file>
      <file name="RestaurantMenu.js" path="/Users/hemantpatil/Documents/GitHub/react-project/src/components/RestaurantMenu.js">
        <metrics statements="22" coveredstatements="20" conditionals="14" coveredconditionals="8" methods="4" coveredmethods="4"/>
        <line num="9" count="1" type="stmt"/>
        <line num="10" count="8" type="stmt"/>
        <line num="11" count="8" type="stmt"/>
        <line num="12" count="8" type="stmt"/>
        <line num="13" count="8" type="stmt"/>
        <line num="15" count="8" type="cond" truecount="1" falsecount="1"/>
        <line num="16" count="8" type="cond" truecount="1" falsecount="1"/>
        <line num="19" count="8" type="cond" truecount="1" falsecount="1"/>
        <line num="21" count="8" type="cond" truecount="1" falsecount="1"/>
        <line num="23" count="8" type="stmt"/>
        <line num="24" count="8" type="stmt"/>
        <line num="25" count="8" type="cond" truecount="1" falsecount="1"/>
        <line num="26" count="0" type="stmt"/>
        <line num="27" count="8" type="cond" truecount="1" falsecount="1"/>
        <line num="28" count="0" type="stmt"/>
        <line num="30" count="8" type="stmt"/>
        <line num="32" count="8" type="stmt"/>
        <line num="35" count="8" type="stmt"/>
        <line num="65" count="32" type="stmt"/>
        <line num="66" count="32" type="cond" truecount="2" falsecount="0"/>
        <line num="68" count="24" type="stmt"/>
        <line num="73" count="3" type="stmt"/>
      </file>
      <file name="sum.js" path="/Users/hemantpatil/Documents/GitHub/react-project/src/components/sum.js">
        <metrics statements="2" coveredstatements="2" conditionals="0" coveredconditionals="0" methods="1" coveredmethods="1"/>
        <line num="1" count="1" type="stmt"/>
        <line num="2" count="1" type="stmt"/>
      </file>
    </package>
    <package name="store">
      <metrics statements="15" coveredstatements="13" conditionals="6" coveredconditionals="3" methods="6" coveredmethods="6"/>
      <file name="cartSlice.js" path="/Users/hemantpatil/Documents/GitHub/react-project/src/store/cartSlice.js">
        <metrics statements="14" coveredstatements="12" conditionals="6" coveredconditionals="3" methods="6" coveredmethods="6"/>
        <line num="3" count="2" type="stmt"/>
        <line num="10" count="2" type="stmt"/>
        <line num="12" count="2" type="stmt"/>
        <line num="14" count="2" type="cond" truecount="1" falsecount="1"/>
        <line num="15" count="0" type="stmt"/>
        <line num="17" count="2" type="stmt"/>
        <line num="25" count="1" type="stmt"/>
        <line num="27" count="1" type="stmt"/>
        <line num="29" count="1" type="cond" truecount="1" falsecount="1"/>
        <line num="31" count="1" type="cond" truecount="1" falsecount="1"/>
        <line num="32" count="2" type="stmt"/>
        <line num="34" count="0" type="stmt"/>
        <line num="39" count="1" type="stmt"/>
        <line num="44" count="2" type="stmt"/>
      </file>
      <file name="store.js" path="/Users/hemantpatil/Documents/GitHub/react-project/src/store/store.js">
        <metrics statements="1" coveredstatements="1" conditionals="0" coveredconditionals="0" methods="0" coveredmethods="0"/>
        <line num="4" count="2" type="stmt"/>
      </file>
    </package>
    <package name="utils">
      <metrics statements="1" coveredstatements="1" conditionals="0" coveredconditionals="0" methods="0" coveredmethods="0"/>
      <file name="UserContext.js" path="/Users/hemantpatil/Documents/GitHub/react-project/src/utils/UserContext.js">
        <metrics statements="1" coveredstatements="1" conditionals="0" coveredconditionals="0" methods="0" coveredmethods="0"/>
        <line num="3" count="2" type="stmt"/>
      </file>
    </package>
  </project>
</coverage>
