{"/Users/hemantpatil/Documents/GitHub/react-project/src/components/Body.js": {"path":"/Users/hemantpatil/Documents/GitHub/react-project/src/components/Body.js","statementMap":{"0":{"start":{"line":10,"column":13},"end":{"line":118,"column":1}},"1":{"start":{"line":12,"column":38},"end":{"line":12,"column":50}},"2":{"start":{"line":13,"column":42},"end":{"line":13,"column":57}},"3":{"start":{"line":15,"column":35},"end":{"line":15,"column":64}},"4":{"start":{"line":17,"column":23},"end":{"line":17,"column":40}},"5":{"start":{"line":18,"column":30},"end":{"line":18,"column":58}},"6":{"start":{"line":20,"column":28},"end":{"line":25,"column":12}},"7":{"start":{"line":21,"column":4},"end":{"line":24,"column":6}},"8":{"start":{"line":35,"column":30},"end":{"line":51,"column":60}},"9":{"start":{"line":36,"column":17},"end":{"line":36,"column":34}},"10":{"start":{"line":38,"column":4},"end":{"line":44,"column":5}},"11":{"start":{"line":39,"column":6},"end":{"line":43,"column":9}},"12":{"start":{"line":40,"column":8},"end":{"line":42,"column":55}},"13":{"start":{"line":46,"column":4},"end":{"line":48,"column":5}},"14":{"start":{"line":47,"column":6},"end":{"line":47,"column":65}},"15":{"start":{"line":47,"column":38},"end":{"line":47,"column":63}},"16":{"start":{"line":50,"column":4},"end":{"line":50,"column":18}},"17":{"start":{"line":53,"column":27},"end":{"line":59,"column":3}},"18":{"start":{"line":54,"column":4},"end":{"line":58,"column":6}},"19":{"start":{"line":61,"column":2},"end":{"line":67,"column":3}},"20":{"start":{"line":62,"column":4},"end":{"line":66,"column":6}},"21":{"start":{"line":69,"column":2},"end":{"line":117,"column":4}},"22":{"start":{"line":86,"column":33},"end":{"line":86,"column":62}},"23":{"start":{"line":93,"column":31},"end":{"line":93,"column":63}},"24":{"start":{"line":93,"column":57},"end":{"line":93,"column":62}},"25":{"start":{"line":104,"column":16},"end":{"line":110,"column":23}}},"fnMap":{"0":{"name":"(anonymous_0)","decl":{"start":{"line":10,"column":13},"end":{"line":10,"column":14}},"loc":{"start":{"line":10,"column":19},"end":{"line":118,"column":1}},"line":10},"1":{"name":"(anonymous_1)","decl":{"start":{"line":20,"column":36},"end":{"line":20,"column":37}},"loc":{"start":{"line":20,"column":42},"end":{"line":25,"column":3}},"line":20},"2":{"name":"(anonymous_2)","decl":{"start":{"line":35,"column":38},"end":{"line":35,"column":39}},"loc":{"start":{"line":35,"column":44},"end":{"line":51,"column":3}},"line":35},"3":{"name":"(anonymous_3)","decl":{"start":{"line":39,"column":29},"end":{"line":39,"column":30}},"loc":{"start":{"line":39,"column":38},"end":{"line":43,"column":7}},"line":39},"4":{"name":"(anonymous_4)","decl":{"start":{"line":47,"column":29},"end":{"line":47,"column":30}},"loc":{"start":{"line":47,"column":38},"end":{"line":47,"column":63}},"line":47},"5":{"name":"(anonymous_5)","decl":{"start":{"line":53,"column":27},"end":{"line":53,"column":28}},"loc":{"start":{"line":53,"column":33},"end":{"line":59,"column":3}},"line":53},"6":{"name":"(anonymous_6)","decl":{"start":{"line":86,"column":26},"end":{"line":86,"column":27}},"loc":{"start":{"line":86,"column":33},"end":{"line":86,"column":62}},"line":86},"7":{"name":"(anonymous_7)","decl":{"start":{"line":93,"column":25},"end":{"line":93,"column":26}},"loc":{"start":{"line":93,"column":31},"end":{"line":93,"column":63}},"line":93},"8":{"name":"(anonymous_8)","decl":{"start":{"line":93,"column":47},"end":{"line":93,"column":48}},"loc":{"start":{"line":93,"column":57},"end":{"line":93,"column":62}},"line":93},"9":{"name":"(anonymous_9)","decl":{"start":{"line":103,"column":39},"end":{"line":103,"column":40}},"loc":{"start":{"line":104,"column":16},"end":{"line":110,"column":23}},"line":104}},"branchMap":{"0":{"loc":{"start":{"line":22,"column":6},"end":{"line":23,"column":27}},"type":"binary-expr","locations":[{"start":{"line":22,"column":6},"end":{"line":23,"column":21}},{"start":{"line":23,"column":25},"end":{"line":23,"column":27}}],"line":22},"1":{"loc":{"start":{"line":38,"column":4},"end":{"line":44,"column":5}},"type":"if","locations":[{"start":{"line":38,"column":4},"end":{"line":44,"column":5}},{"start":{},"end":{}}],"line":38},"2":{"loc":{"start":{"line":46,"column":4},"end":{"line":48,"column":5}},"type":"if","locations":[{"start":{"line":46,"column":4},"end":{"line":48,"column":5}},{"start":{},"end":{}}],"line":46},"3":{"loc":{"start":{"line":61,"column":2},"end":{"line":67,"column":3}},"type":"if","locations":[{"start":{"line":61,"column":2},"end":{"line":67,"column":3}},{"start":{},"end":{}}],"line":61},"4":{"loc":{"start":{"line":71,"column":7},"end":{"line":115,"column":7}},"type":"cond-expr","locations":[{"start":{"line":72,"column":8},"end":{"line":72,"column":19}},{"start":{"line":73,"column":10},"end":{"line":115,"column":7}}],"line":71},"5":{"loc":{"start":{"line":73,"column":10},"end":{"line":115,"column":7}},"type":"cond-expr","locations":[{"start":{"line":74,"column":8},"end":{"line":74,"column":26}},{"start":{"line":76,"column":8},"end":{"line":114,"column":14}}],"line":73},"6":{"loc":{"start":{"line":99,"column":11},"end":{"line":113,"column":11}},"type":"cond-expr","locations":[{"start":{"line":100,"column":12},"end":{"line":100,"column":30}},{"start":{"line":102,"column":12},"end":{"line":112,"column":18}}],"line":99}},"s":{"0":1,"1":4,"2":4,"3":4,"4":4,"5":4,"6":4,"7":4,"8":4,"9":4,"10":4,"11":1,"12":9,"13":4,"14":1,"15":9,"16":4,"17":4,"18":0,"19":4,"20":0,"21":4,"22":1,"23":1,"24":1,"25":26},"f":{"0":4,"1":4,"2":4,"3":9,"4":9,"5":0,"6":1,"7":1,"8":1,"9":26},"b":{"0":[4,0],"1":[1,3],"2":[1,3],"3":[0,4],"4":[0,4],"5":[0,4],"6":[0,4]},"_coverageSchema":"1a1c01bbd47fc00a2c39e90264f33305004495a9","hash":"b9ed50a55d4f89478a58f570a4b4c660877bcaa6"}
,"/Users/hemantpatil/Documents/GitHub/react-project/src/components/Cart.js": {"path":"/Users/hemantpatil/Documents/GitHub/react-project/src/components/Cart.js","statementMap":{"0":{"start":{"line":5,"column":13},"end":{"line":78,"column":1}},"1":{"start":{"line":6,"column":20},"end":{"line":6,"column":60}},"2":{"start":{"line":6,"column":43},"end":{"line":6,"column":59}},"3":{"start":{"line":7,"column":19},"end":{"line":7,"column":32}},"4":{"start":{"line":9,"column":2},"end":{"line":77,"column":4}},"5":{"start":{"line":17,"column":12},"end":{"line":60,"column":14}},"6":{"start":{"line":40,"column":28},"end":{"line":40,"column":55}},"7":{"start":{"line":50,"column":28},"end":{"line":50,"column":53}},"8":{"start":{"line":66,"column":27},"end":{"line":66,"column":48}}},"fnMap":{"0":{"name":"(anonymous_0)","decl":{"start":{"line":5,"column":13},"end":{"line":5,"column":14}},"loc":{"start":{"line":5,"column":19},"end":{"line":78,"column":1}},"line":5},"1":{"name":"(anonymous_1)","decl":{"start":{"line":6,"column":32},"end":{"line":6,"column":33}},"loc":{"start":{"line":6,"column":43},"end":{"line":6,"column":59}},"line":6},"2":{"name":"(anonymous_2)","decl":{"start":{"line":16,"column":25},"end":{"line":16,"column":26}},"loc":{"start":{"line":16,"column":35},"end":{"line":61,"column":11}},"line":16},"3":{"name":"(anonymous_3)","decl":{"start":{"line":39,"column":35},"end":{"line":39,"column":36}},"loc":{"start":{"line":39,"column":41},"end":{"line":41,"column":27}},"line":39},"4":{"name":"(anonymous_4)","decl":{"start":{"line":49,"column":35},"end":{"line":49,"column":36}},"loc":{"start":{"line":49,"column":41},"end":{"line":51,"column":27}},"line":49},"5":{"name":"(anonymous_5)","decl":{"start":{"line":66,"column":21},"end":{"line":66,"column":22}},"loc":{"start":{"line":66,"column":27},"end":{"line":66,"column":48}},"line":66}},"branchMap":{"0":{"loc":{"start":{"line":34,"column":19},"end":{"line":57,"column":21}},"type":"binary-expr","locations":[{"start":{"line":34,"column":19},"end":{"line":34,"column":51}},{"start":{"line":35,"column":20},"end":{"line":35,"column":41}},{"start":{"line":36,"column":22},"end":{"line":56,"column":28}}],"line":34},"1":{"loc":{"start":{"line":63,"column":9},"end":{"line":74,"column":9}},"type":"cond-expr","locations":[{"start":{"line":64,"column":10},"end":{"line":69,"column":19}},{"start":{"line":71,"column":10},"end":{"line":73,"column":15}}],"line":63}},"s":{"0":1,"1":4,"2":8,"3":4,"4":4,"5":4,"6":0,"7":0,"8":1},"f":{"0":4,"1":8,"2":4,"3":0,"4":0,"5":1},"b":{"0":[4,4,4],"1":[3,1]},"_coverageSchema":"1a1c01bbd47fc00a2c39e90264f33305004495a9","hash":"cf18d942bf4b507252940483186d195ccbde49ad"}
,"/Users/hemantpatil/Documents/GitHub/react-project/src/components/ContactUs.js": {"path":"/Users/hemantpatil/Documents/GitHub/react-project/src/components/ContactUs.js","statementMap":{"0":{"start":{"line":1,"column":18},"end":{"line":24,"column":1}},"1":{"start":{"line":2,"column":2},"end":{"line":23,"column":4}}},"fnMap":{"0":{"name":"(anonymous_0)","decl":{"start":{"line":1,"column":18},"end":{"line":1,"column":19}},"loc":{"start":{"line":1,"column":24},"end":{"line":24,"column":1}},"line":1}},"branchMap":{},"s":{"0":1,"1":3},"f":{"0":3},"b":{},"_coverageSchema":"1a1c01bbd47fc00a2c39e90264f33305004495a9","hash":"bc7a88187fc46712630d9abbb3fae1bb2aa5d285"}
,"/Users/hemantpatil/Documents/GitHub/react-project/src/components/Header.js": {"path":"/Users/hemantpatil/Documents/GitHub/react-project/src/components/Header.js","statementMap":{"0":{"start":{"line":6,"column":15},"end":{"line":54,"column":1}},"1":{"start":{"line":7,"column":19},"end":{"line":7,"column":42}},"2":{"start":{"line":8,"column":42},"end":{"line":8,"column":54}},"3":{"start":{"line":9,"column":44},"end":{"line":9,"column":55}},"4":{"start":{"line":12,"column":20},"end":{"line":12,"column":60}},"5":{"start":{"line":12,"column":43},"end":{"line":12,"column":59}},"6":{"start":{"line":14,"column":2},"end":{"line":20,"column":17}},"7":{"start":{"line":15,"column":4},"end":{"line":19,"column":5}},"8":{"start":{"line":16,"column":6},"end":{"line":18,"column":8}},"9":{"start":{"line":22,"column":2},"end":{"line":26,"column":18}},"10":{"start":{"line":23,"column":23},"end":{"line":23,"column":79}},"11":{"start":{"line":23,"column":55},"end":{"line":23,"column":75}},"12":{"start":{"line":25,"column":4},"end":{"line":25,"column":33}},"13":{"start":{"line":28,"column":2},"end":{"line":53,"column":4}}},"fnMap":{"0":{"name":"(anonymous_0)","decl":{"start":{"line":6,"column":15},"end":{"line":6,"column":16}},"loc":{"start":{"line":6,"column":21},"end":{"line":54,"column":1}},"line":6},"1":{"name":"(anonymous_1)","decl":{"start":{"line":12,"column":32},"end":{"line":12,"column":33}},"loc":{"start":{"line":12,"column":43},"end":{"line":12,"column":59}},"line":12},"2":{"name":"(anonymous_2)","decl":{"start":{"line":14,"column":12},"end":{"line":14,"column":13}},"loc":{"start":{"line":14,"column":18},"end":{"line":20,"column":3}},"line":14},"3":{"name":"(anonymous_3)","decl":{"start":{"line":22,"column":12},"end":{"line":22,"column":13}},"loc":{"start":{"line":22,"column":18},"end":{"line":26,"column":3}},"line":22},"4":{"name":"(anonymous_4)","decl":{"start":{"line":23,"column":40},"end":{"line":23,"column":41}},"loc":{"start":{"line":23,"column":55},"end":{"line":23,"column":75}},"line":23}},"branchMap":{"0":{"loc":{"start":{"line":15,"column":4},"end":{"line":19,"column":5}},"type":"if","locations":[{"start":{"line":15,"column":4},"end":{"line":19,"column":5}},{"start":{},"end":{}}],"line":15},"1":{"loc":{"start":{"line":15,"column":8},"end":{"line":15,"column":48}},"type":"binary-expr","locations":[{"start":{"line":15,"column":8},"end":{"line":15,"column":27}},{"start":{"line":15,"column":31},"end":{"line":15,"column":48}}],"line":15},"2":{"loc":{"start":{"line":48,"column":35},"end":{"line":48,"column":54}},"type":"binary-expr","locations":[{"start":{"line":48,"column":35},"end":{"line":48,"column":47}},{"start":{"line":48,"column":51},"end":{"line":48,"column":54}}],"line":48}},"s":{"0":2,"1":17,"2":17,"3":17,"4":17,"5":27,"6":17,"7":6,"8":0,"9":17,"10":10,"11":8,"12":10,"13":17},"f":{"0":17,"1":27,"2":6,"3":10,"4":8},"b":{"0":[0,6],"1":[6,0],"2":[17,17]},"_coverageSchema":"1a1c01bbd47fc00a2c39e90264f33305004495a9","hash":"199247b0cb3ba1bf93fe94e8bb681d9147bd8e8d"}
,"/Users/hemantpatil/Documents/GitHub/react-project/src/components/MenuAccordion.js": {"path":"/Users/hemantpatil/Documents/GitHub/react-project/src/components/MenuAccordion.js","statementMap":{"0":{"start":{"line":6,"column":22},"end":{"line":106,"column":1}},"1":{"start":{"line":7,"column":31},"end":{"line":7,"column":39}},"2":{"start":{"line":8,"column":36},"end":{"line":8,"column":48}},"3":{"start":{"line":10,"column":19},"end":{"line":10,"column":32}},"4":{"start":{"line":11,"column":20},"end":{"line":11,"column":60}},"5":{"start":{"line":11,"column":43},"end":{"line":11,"column":59}},"6":{"start":{"line":13,"column":2},"end":{"line":17,"column":18}},"7":{"start":{"line":14,"column":4},"end":{"line":16,"column":5}},"8":{"start":{"line":15,"column":6},"end":{"line":15,"column":30}},"9":{"start":{"line":19,"column":2},"end":{"line":105,"column":4}},"10":{"start":{"line":25,"column":27},"end":{"line":25,"column":45}},"11":{"start":{"line":35,"column":33},"end":{"line":35,"column":49}},"12":{"start":{"line":36,"column":16},"end":{"line":36,"column":43}},"13":{"start":{"line":36,"column":31},"end":{"line":36,"column":43}},"14":{"start":{"line":38,"column":33},"end":{"line":38,"column":78}},"15":{"start":{"line":38,"column":56},"end":{"line":38,"column":77}},"16":{"start":{"line":39,"column":28},"end":{"line":39,"column":52}},"17":{"start":{"line":41,"column":16},"end":{"line":97,"column":18}},"18":{"start":{"line":66,"column":30},"end":{"line":66,"column":61}},"19":{"start":{"line":78,"column":30},"end":{"line":78,"column":59}},"20":{"start":{"line":89,"column":28},"end":{"line":89,"column":65}}},"fnMap":{"0":{"name":"(anonymous_0)","decl":{"start":{"line":6,"column":22},"end":{"line":6,"column":23}},"loc":{"start":{"line":6,"column":72},"end":{"line":106,"column":1}},"line":6},"1":{"name":"(anonymous_1)","decl":{"start":{"line":11,"column":32},"end":{"line":11,"column":33}},"loc":{"start":{"line":11,"column":43},"end":{"line":11,"column":59}},"line":11},"2":{"name":"(anonymous_2)","decl":{"start":{"line":13,"column":12},"end":{"line":13,"column":13}},"loc":{"start":{"line":13,"column":18},"end":{"line":17,"column":3}},"line":13},"3":{"name":"(anonymous_3)","decl":{"start":{"line":25,"column":21},"end":{"line":25,"column":22}},"loc":{"start":{"line":25,"column":27},"end":{"line":25,"column":45}},"line":25},"4":{"name":"(anonymous_4)","decl":{"start":{"line":34,"column":29},"end":{"line":34,"column":30}},"loc":{"start":{"line":34,"column":46},"end":{"line":98,"column":15}},"line":34},"5":{"name":"(anonymous_5)","decl":{"start":{"line":38,"column":48},"end":{"line":38,"column":49}},"loc":{"start":{"line":38,"column":56},"end":{"line":38,"column":77}},"line":38},"6":{"name":"(anonymous_6)","decl":{"start":{"line":65,"column":37},"end":{"line":65,"column":38}},"loc":{"start":{"line":65,"column":43},"end":{"line":67,"column":29}},"line":65},"7":{"name":"(anonymous_7)","decl":{"start":{"line":77,"column":37},"end":{"line":77,"column":38}},"loc":{"start":{"line":77,"column":43},"end":{"line":79,"column":29}},"line":77},"8":{"name":"(anonymous_8)","decl":{"start":{"line":88,"column":35},"end":{"line":88,"column":36}},"loc":{"start":{"line":88,"column":41},"end":{"line":90,"column":27}},"line":88}},"branchMap":{"0":{"loc":{"start":{"line":14,"column":4},"end":{"line":16,"column":5}},"type":"if","locations":[{"start":{"line":14,"column":4},"end":{"line":16,"column":5}},{"start":{},"end":{}}],"line":14},"1":{"loc":{"start":{"line":14,"column":8},"end":{"line":14,"column":58}},"type":"binary-expr","locations":[{"start":{"line":14,"column":8},"end":{"line":14,"column":32}},{"start":{"line":14,"column":36},"end":{"line":14,"column":58}}],"line":14},"2":{"loc":{"start":{"line":21,"column":7},"end":{"line":102,"column":7}},"type":"binary-expr","locations":[{"start":{"line":21,"column":7},"end":{"line":21,"column":30}},{"start":{"line":22,"column":8},"end":{"line":101,"column":14}}],"line":21},"3":{"loc":{"start":{"line":30,"column":13},"end":{"line":30,"column":59}},"type":"cond-expr","locations":[{"start":{"line":30,"column":28},"end":{"line":30,"column":42}},{"start":{"line":30,"column":45},"end":{"line":30,"column":59}}],"line":30},"4":{"loc":{"start":{"line":32,"column":11},"end":{"line":100,"column":11}},"type":"binary-expr","locations":[{"start":{"line":32,"column":11},"end":{"line":32,"column":23}},{"start":{"line":33,"column":12},"end":{"line":99,"column":18}}],"line":32},"5":{"loc":{"start":{"line":36,"column":16},"end":{"line":36,"column":43}},"type":"if","locations":[{"start":{"line":36,"column":16},"end":{"line":36,"column":43}},{"start":{},"end":{}}],"line":36},"6":{"loc":{"start":{"line":39,"column":28},"end":{"line":39,"column":52}},"type":"binary-expr","locations":[{"start":{"line":39,"column":28},"end":{"line":39,"column":47}},{"start":{"line":39,"column":51},"end":{"line":39,"column":52}}],"line":39},"7":{"loc":{"start":{"line":61,"column":23},"end":{"line":94,"column":23}},"type":"cond-expr","locations":[{"start":{"line":62,"column":24},"end":{"line":84,"column":30}},{"start":{"line":86,"column":24},"end":{"line":93,"column":33}}],"line":61}},"s":{"0":1,"1":60,"2":60,"3":60,"4":60,"5":87,"6":60,"7":24,"8":24,"9":60,"10":3,"11":27,"12":27,"13":0,"14":27,"15":27,"16":27,"17":27,"18":1,"19":0,"20":2},"f":{"0":60,"1":87,"2":24,"3":3,"4":27,"5":27,"6":1,"7":0,"8":2},"b":{"0":[24,0],"1":[24,24],"2":[60,45],"3":[9,36],"4":[45,9],"5":[0,27],"6":[27,17],"7":[10,17]},"_coverageSchema":"1a1c01bbd47fc00a2c39e90264f33305004495a9","hash":"22feb785d22b1b68c384e816501675657a548342"}
,"/Users/hemantpatil/Documents/GitHub/react-project/src/components/RestaurantCard.js": {"path":"/Users/hemantpatil/Documents/GitHub/react-project/src/components/RestaurantCard.js","statementMap":{"0":{"start":{"line":2,"column":23},"end":{"line":35,"column":1}},"1":{"start":{"line":10,"column":6},"end":{"line":10,"column":27}},"2":{"start":{"line":11,"column":2},"end":{"line":34,"column":4}}},"fnMap":{"0":{"name":"(anonymous_0)","decl":{"start":{"line":2,"column":23},"end":{"line":2,"column":24}},"loc":{"start":{"line":2,"column":34},"end":{"line":35,"column":1}},"line":2}},"branchMap":{},"s":{"0":2,"1":27,"2":27},"f":{"0":27},"b":{},"_coverageSchema":"1a1c01bbd47fc00a2c39e90264f33305004495a9","hash":"5a4de15241dafa92123b7ab6896b94a072fe9efd"}
,"/Users/hemantpatil/Documents/GitHub/react-project/src/components/RestaurantMenu.js": {"path":"/Users/hemantpatil/Documents/GitHub/react-project/src/components/RestaurantMenu.js","statementMap":{"0":{"start":{"line":9,"column":23},"end":{"line":81,"column":1}},"1":{"start":{"line":10,"column":44},"end":{"line":10,"column":58}},"2":{"start":{"line":11,"column":16},"end":{"line":11,"column":27}},"3":{"start":{"line":12,"column":27},"end":{"line":12,"column":60}},"4":{"start":{"line":13,"column":35},"end":{"line":13,"column":61}},"5":{"start":{"line":15,"column":2},"end":{"line":15,"column":34}},"6":{"start":{"line":15,"column":15},"end":{"line":15,"column":34}},"7":{"start":{"line":16,"column":2},"end":{"line":16,"column":39}},"8":{"start":{"line":16,"column":13},"end":{"line":16,"column":39}},"9":{"start":{"line":19,"column":4},"end":{"line":19,"column":42}},"10":{"start":{"line":21,"column":16},"end":{"line":21,"column":79}},"11":{"start":{"line":23,"column":26},"end":{"line":33,"column":3}},"12":{"start":{"line":24,"column":16},"end":{"line":24,"column":18}},"13":{"start":{"line":25,"column":4},"end":{"line":31,"column":5}},"14":{"start":{"line":26,"column":6},"end":{"line":26,"column":24}},"15":{"start":{"line":27,"column":11},"end":{"line":31,"column":5}},"16":{"start":{"line":28,"column":6},"end":{"line":28,"column":24}},"17":{"start":{"line":30,"column":6},"end":{"line":30,"column":24}},"18":{"start":{"line":32,"column":4},"end":{"line":32,"column":17}},"19":{"start":{"line":35,"column":2},"end":{"line":80,"column":4}},"20":{"start":{"line":65,"column":29},"end":{"line":65,"column":45}},"21":{"start":{"line":66,"column":12},"end":{"line":66,"column":39}},"22":{"start":{"line":66,"column":27},"end":{"line":66,"column":39}},"23":{"start":{"line":68,"column":12},"end":{"line":75,"column":14}},"24":{"start":{"line":73,"column":40},"end":{"line":73,"column":63}}},"fnMap":{"0":{"name":"(anonymous_0)","decl":{"start":{"line":9,"column":23},"end":{"line":9,"column":24}},"loc":{"start":{"line":9,"column":29},"end":{"line":81,"column":1}},"line":9},"1":{"name":"(anonymous_1)","decl":{"start":{"line":23,"column":26},"end":{"line":23,"column":27}},"loc":{"start":{"line":23,"column":32},"end":{"line":33,"column":3}},"line":23},"2":{"name":"(anonymous_2)","decl":{"start":{"line":64,"column":21},"end":{"line":64,"column":22}},"loc":{"start":{"line":64,"column":38},"end":{"line":76,"column":11}},"line":64},"3":{"name":"(anonymous_3)","decl":{"start":{"line":73,"column":34},"end":{"line":73,"column":35}},"loc":{"start":{"line":73,"column":40},"end":{"line":73,"column":63}},"line":73}},"branchMap":{"0":{"loc":{"start":{"line":15,"column":2},"end":{"line":15,"column":34}},"type":"if","locations":[{"start":{"line":15,"column":2},"end":{"line":15,"column":34}},{"start":{},"end":{}}],"line":15},"1":{"loc":{"start":{"line":16,"column":2},"end":{"line":16,"column":39}},"type":"if","locations":[{"start":{"line":16,"column":2},"end":{"line":16,"column":39}},{"start":{},"end":{}}],"line":16},"2":{"loc":{"start":{"line":19,"column":4},"end":{"line":19,"column":42}},"type":"binary-expr","locations":[{"start":{"line":19,"column":4},"end":{"line":19,"column":36}},{"start":{"line":19,"column":40},"end":{"line":19,"column":42}}],"line":19},"3":{"loc":{"start":{"line":21,"column":16},"end":{"line":21,"column":79}},"type":"binary-expr","locations":[{"start":{"line":21,"column":16},"end":{"line":21,"column":73}},{"start":{"line":21,"column":77},"end":{"line":21,"column":79}}],"line":21},"4":{"loc":{"start":{"line":25,"column":4},"end":{"line":31,"column":5}},"type":"if","locations":[{"start":{"line":25,"column":4},"end":{"line":31,"column":5}},{"start":{"line":27,"column":11},"end":{"line":31,"column":5}}],"line":25},"5":{"loc":{"start":{"line":27,"column":11},"end":{"line":31,"column":5}},"type":"if","locations":[{"start":{"line":27,"column":11},"end":{"line":31,"column":5}},{"start":{"line":29,"column":11},"end":{"line":31,"column":5}}],"line":27},"6":{"loc":{"start":{"line":66,"column":12},"end":{"line":66,"column":39}},"type":"if","locations":[{"start":{"line":66,"column":12},"end":{"line":66,"column":39}},{"start":{},"end":{}}],"line":66}},"s":{"0":1,"1":8,"2":8,"3":8,"4":8,"5":8,"6":0,"7":8,"8":0,"9":8,"10":8,"11":8,"12":8,"13":8,"14":0,"15":8,"16":0,"17":8,"18":8,"19":8,"20":32,"21":32,"22":8,"23":24,"24":3},"f":{"0":8,"1":8,"2":32,"3":3},"b":{"0":[0,8],"1":[0,8],"2":[8,0],"3":[8,0],"4":[0,8],"5":[0,8],"6":[8,24]},"_coverageSchema":"1a1c01bbd47fc00a2c39e90264f33305004495a9","hash":"fb592f540e8aefd2e1151e5580b416162c248126"}
,"/Users/hemantpatil/Documents/GitHub/react-project/src/components/sum.js": {"path":"/Users/hemantpatil/Documents/GitHub/react-project/src/components/sum.js","statementMap":{"0":{"start":{"line":1,"column":19},"end":{"line":3,"column":1}},"1":{"start":{"line":2,"column":2},"end":{"line":2,"column":15}}},"fnMap":{"0":{"name":"(anonymous_0)","decl":{"start":{"line":1,"column":19},"end":{"line":1,"column":20}},"loc":{"start":{"line":1,"column":29},"end":{"line":3,"column":1}},"line":1}},"branchMap":{},"s":{"0":1,"1":1},"f":{"0":1},"b":{},"_coverageSchema":"1a1c01bbd47fc00a2c39e90264f33305004495a9","hash":"989a92a8cf3f3f4cf073bed8661ac1d1080b7f84"}
,"/Users/hemantpatil/Documents/GitHub/react-project/src/store/cartSlice.js": {"path":"/Users/hemantpatil/Documents/GitHub/react-project/src/store/cartSlice.js","statementMap":{"0":{"start":{"line":3,"column":18},"end":{"line":42,"column":2}},"1":{"start":{"line":10,"column":19},"end":{"line":10,"column":33}},"2":{"start":{"line":12,"column":27},"end":{"line":12,"column":68}},"3":{"start":{"line":12,"column":51},"end":{"line":12,"column":67}},"4":{"start":{"line":14,"column":6},"end":{"line":21,"column":7}},"5":{"start":{"line":15,"column":8},"end":{"line":15,"column":36}},"6":{"start":{"line":17,"column":8},"end":{"line":20,"column":11}},"7":{"start":{"line":25,"column":19},"end":{"line":25,"column":33}},"8":{"start":{"line":27,"column":27},"end":{"line":27,"column":68}},"9":{"start":{"line":27,"column":51},"end":{"line":27,"column":67}},"10":{"start":{"line":29,"column":6},"end":{"line":29,"column":32}},"11":{"start":{"line":29,"column":25},"end":{"line":29,"column":32}},"12":{"start":{"line":31,"column":6},"end":{"line":35,"column":7}},"13":{"start":{"line":32,"column":8},"end":{"line":32,"column":66}},"14":{"start":{"line":32,"column":48},"end":{"line":32,"column":64}},"15":{"start":{"line":34,"column":8},"end":{"line":34,"column":36}},"16":{"start":{"line":39,"column":6},"end":{"line":39,"column":23}},"17":{"start":{"line":44,"column":51},"end":{"line":44,"column":68}}},"fnMap":{"0":{"name":"(anonymous_0)","decl":{"start":{"line":9,"column":14},"end":{"line":9,"column":15}},"loc":{"start":{"line":9,"column":33},"end":{"line":22,"column":5}},"line":9},"1":{"name":"(anonymous_1)","decl":{"start":{"line":12,"column":44},"end":{"line":12,"column":45}},"loc":{"start":{"line":12,"column":51},"end":{"line":12,"column":67}},"line":12},"2":{"name":"(anonymous_2)","decl":{"start":{"line":24,"column":16},"end":{"line":24,"column":17}},"loc":{"start":{"line":24,"column":35},"end":{"line":36,"column":5}},"line":24},"3":{"name":"(anonymous_3)","decl":{"start":{"line":27,"column":44},"end":{"line":27,"column":45}},"loc":{"start":{"line":27,"column":51},"end":{"line":27,"column":67}},"line":27},"4":{"name":"(anonymous_4)","decl":{"start":{"line":32,"column":41},"end":{"line":32,"column":42}},"loc":{"start":{"line":32,"column":48},"end":{"line":32,"column":64}},"line":32},"5":{"name":"(anonymous_5)","decl":{"start":{"line":38,"column":15},"end":{"line":38,"column":16}},"loc":{"start":{"line":38,"column":26},"end":{"line":40,"column":5}},"line":38}},"branchMap":{"0":{"loc":{"start":{"line":14,"column":6},"end":{"line":21,"column":7}},"type":"if","locations":[{"start":{"line":14,"column":6},"end":{"line":21,"column":7}},{"start":{"line":16,"column":13},"end":{"line":21,"column":7}}],"line":14},"1":{"loc":{"start":{"line":29,"column":6},"end":{"line":29,"column":32}},"type":"if","locations":[{"start":{"line":29,"column":6},"end":{"line":29,"column":32}},{"start":{},"end":{}}],"line":29},"2":{"loc":{"start":{"line":31,"column":6},"end":{"line":35,"column":7}},"type":"if","locations":[{"start":{"line":31,"column":6},"end":{"line":35,"column":7}},{"start":{"line":33,"column":13},"end":{"line":35,"column":7}}],"line":31}},"s":{"0":2,"1":2,"2":2,"3":1,"4":2,"5":0,"6":2,"7":1,"8":1,"9":1,"10":1,"11":0,"12":1,"13":1,"14":2,"15":0,"16":1,"17":2},"f":{"0":2,"1":1,"2":1,"3":1,"4":2,"5":1},"b":{"0":[0,2],"1":[0,1],"2":[1,0]},"_coverageSchema":"1a1c01bbd47fc00a2c39e90264f33305004495a9","hash":"77f60c534d7577cce9a953cf21281efb58848353"}
,"/Users/hemantpatil/Documents/GitHub/react-project/src/store/store.js": {"path":"/Users/hemantpatil/Documents/GitHub/react-project/src/store/store.js","statementMap":{"0":{"start":{"line":4,"column":14},"end":{"line":8,"column":2}}},"fnMap":{},"branchMap":{},"s":{"0":2},"f":{},"b":{},"_coverageSchema":"1a1c01bbd47fc00a2c39e90264f33305004495a9","hash":"c31f467d0ea7f79ef0bfdadfcf1f6ca380c48898"}
,"/Users/hemantpatil/Documents/GitHub/react-project/src/utils/UserContext.js": {"path":"/Users/hemantpatil/Documents/GitHub/react-project/src/utils/UserContext.js","statementMap":{"0":{"start":{"line":3,"column":20},"end":{"line":3,"column":39}}},"fnMap":{},"branchMap":{},"s":{"0":2},"f":{},"b":{},"_coverageSchema":"1a1c01bbd47fc00a2c39e90264f33305004495a9","hash":"187b865c6ffec812843ccf37062699b8ba3de6ee"}
}
