TN:
SF:src/components/Body.js
FN:10,(anonymous_0)
FN:20,(anonymous_1)
FN:35,(anonymous_2)
FN:39,(anonymous_3)
FN:47,(anonymous_4)
FN:53,(anonymous_5)
FN:86,(anonymous_6)
FN:93,(anonymous_7)
FN:93,(anonymous_8)
FN:103,(anonymous_9)
FNF:10
FNH:9
FNDA:4,(anonymous_0)
FNDA:4,(anonymous_1)
FNDA:4,(anonymous_2)
FNDA:9,(anonymous_3)
FNDA:9,(anonymous_4)
FNDA:0,(anonymous_5)
FNDA:1,(anonymous_6)
FNDA:1,(anonymous_7)
FNDA:1,(anonymous_8)
FNDA:26,(anonymous_9)
DA:10,1
DA:12,4
DA:13,4
DA:15,4
DA:17,4
DA:18,4
DA:20,4
DA:21,4
DA:35,4
DA:36,4
DA:38,4
DA:39,1
DA:40,9
DA:46,4
DA:47,9
DA:50,4
DA:53,4
DA:54,0
DA:61,4
DA:62,0
DA:69,4
DA:86,1
DA:93,1
DA:104,26
LF:24
LH:22
BRDA:22,0,0,4
BRDA:22,0,1,0
BRDA:38,1,0,1
BRDA:38,1,1,3
BRDA:46,2,0,1
BRDA:46,2,1,3
BRDA:61,3,0,0
BRDA:61,3,1,4
BRDA:71,4,0,0
BRDA:71,4,1,4
BRDA:73,5,0,0
BRDA:73,5,1,4
BRDA:99,6,0,0
BRDA:99,6,1,4
BRF:14
BRH:9
end_of_record
TN:
SF:src/components/Cart.js
FN:5,(anonymous_0)
FN:6,(anonymous_1)
FN:16,(anonymous_2)
FN:39,(anonymous_3)
FN:49,(anonymous_4)
FN:66,(anonymous_5)
FNF:6
FNH:4
FNDA:4,(anonymous_0)
FNDA:8,(anonymous_1)
FNDA:4,(anonymous_2)
FNDA:0,(anonymous_3)
FNDA:0,(anonymous_4)
FNDA:1,(anonymous_5)
DA:5,1
DA:6,8
DA:7,4
DA:9,4
DA:17,4
DA:40,0
DA:50,0
DA:66,1
LF:8
LH:6
BRDA:34,0,0,4
BRDA:34,0,1,4
BRDA:34,0,2,4
BRDA:63,1,0,3
BRDA:63,1,1,1
BRF:5
BRH:5
end_of_record
TN:
SF:src/components/ContactUs.js
FN:1,(anonymous_0)
FNF:1
FNH:1
FNDA:3,(anonymous_0)
DA:1,1
DA:2,3
LF:2
LH:2
BRF:0
BRH:0
end_of_record
TN:
SF:src/components/Header.js
FN:6,(anonymous_0)
FN:12,(anonymous_1)
FN:14,(anonymous_2)
FN:22,(anonymous_3)
FN:23,(anonymous_4)
FNF:5
FNH:5
FNDA:17,(anonymous_0)
FNDA:27,(anonymous_1)
FNDA:6,(anonymous_2)
FNDA:10,(anonymous_3)
FNDA:8,(anonymous_4)
DA:6,2
DA:7,17
DA:8,17
DA:9,17
DA:12,27
DA:14,17
DA:15,6
DA:16,0
DA:22,17
DA:23,10
DA:25,10
DA:28,17
LF:12
LH:11
BRDA:15,0,0,0
BRDA:15,0,1,6
BRDA:15,1,0,6
BRDA:15,1,1,0
BRDA:48,2,0,17
BRDA:48,2,1,17
BRF:6
BRH:4
end_of_record
TN:
SF:src/components/MenuAccordion.js
FN:6,(anonymous_0)
FN:11,(anonymous_1)
FN:13,(anonymous_2)
FN:25,(anonymous_3)
FN:34,(anonymous_4)
FN:38,(anonymous_5)
FN:65,(anonymous_6)
FN:77,(anonymous_7)
FN:88,(anonymous_8)
FNF:9
FNH:8
FNDA:60,(anonymous_0)
FNDA:87,(anonymous_1)
FNDA:24,(anonymous_2)
FNDA:3,(anonymous_3)
FNDA:27,(anonymous_4)
FNDA:27,(anonymous_5)
FNDA:1,(anonymous_6)
FNDA:0,(anonymous_7)
FNDA:2,(anonymous_8)
DA:6,1
DA:7,60
DA:8,60
DA:10,60
DA:11,87
DA:13,60
DA:14,24
DA:15,24
DA:19,60
DA:25,3
DA:35,27
DA:36,27
DA:38,27
DA:39,27
DA:41,27
DA:66,1
DA:78,0
DA:89,2
LF:18
LH:17
BRDA:14,0,0,24
BRDA:14,0,1,0
BRDA:14,1,0,24
BRDA:14,1,1,24
BRDA:21,2,0,60
BRDA:21,2,1,45
BRDA:30,3,0,9
BRDA:30,3,1,36
BRDA:32,4,0,45
BRDA:32,4,1,9
BRDA:36,5,0,0
BRDA:36,5,1,27
BRDA:39,6,0,27
BRDA:39,6,1,17
BRDA:61,7,0,10
BRDA:61,7,1,17
BRF:16
BRH:14
end_of_record
TN:
SF:src/components/RestaurantCard.js
FN:2,(anonymous_0)
FNF:1
FNH:1
FNDA:27,(anonymous_0)
DA:2,2
DA:10,27
DA:11,27
LF:3
LH:3
BRF:0
BRH:0
end_of_record
TN:
SF:src/components/RestaurantMenu.js
FN:9,(anonymous_0)
FN:23,(anonymous_1)
FN:64,(anonymous_2)
FN:73,(anonymous_3)
FNF:4
FNH:4
FNDA:8,(anonymous_0)
FNDA:8,(anonymous_1)
FNDA:32,(anonymous_2)
FNDA:3,(anonymous_3)
DA:9,1
DA:10,8
DA:11,8
DA:12,8
DA:13,8
DA:15,8
DA:16,8
DA:19,8
DA:21,8
DA:23,8
DA:24,8
DA:25,8
DA:26,0
DA:27,8
DA:28,0
DA:30,8
DA:32,8
DA:35,8
DA:65,32
DA:66,32
DA:68,24
DA:73,3
LF:22
LH:20
BRDA:15,0,0,0
BRDA:15,0,1,8
BRDA:16,1,0,0
BRDA:16,1,1,8
BRDA:19,2,0,8
BRDA:19,2,1,0
BRDA:21,3,0,8
BRDA:21,3,1,0
BRDA:25,4,0,0
BRDA:25,4,1,8
BRDA:27,5,0,0
BRDA:27,5,1,8
BRDA:66,6,0,8
BRDA:66,6,1,24
BRF:14
BRH:8
end_of_record
TN:
SF:src/components/sum.js
FN:1,(anonymous_0)
FNF:1
FNH:1
FNDA:1,(anonymous_0)
DA:1,1
DA:2,1
LF:2
LH:2
BRF:0
BRH:0
end_of_record
TN:
SF:src/store/cartSlice.js
FN:9,(anonymous_0)
FN:12,(anonymous_1)
FN:24,(anonymous_2)
FN:27,(anonymous_3)
FN:32,(anonymous_4)
FN:38,(anonymous_5)
FNF:6
FNH:6
FNDA:2,(anonymous_0)
FNDA:1,(anonymous_1)
FNDA:1,(anonymous_2)
FNDA:1,(anonymous_3)
FNDA:2,(anonymous_4)
FNDA:1,(anonymous_5)
DA:3,2
DA:10,2
DA:12,2
DA:14,2
DA:15,0
DA:17,2
DA:25,1
DA:27,1
DA:29,1
DA:31,1
DA:32,2
DA:34,0
DA:39,1
DA:44,2
LF:14
LH:12
BRDA:14,0,0,0
BRDA:14,0,1,2
BRDA:29,1,0,0
BRDA:29,1,1,1
BRDA:31,2,0,1
BRDA:31,2,1,0
BRF:6
BRH:3
end_of_record
TN:
SF:src/store/store.js
FNF:0
FNH:0
DA:4,2
LF:1
LH:1
BRF:0
BRH:0
end_of_record
TN:
SF:src/utils/UserContext.js
FNF:0
FNH:0
DA:3,2
LF:1
LH:1
BRF:0
BRH:0
end_of_record
